[23:02:49] [main/INFO]: Setting user: Player814
[23:02:50] [Client thread/INFO]: LWJGL Version: 2.9.1
[23:02:53] [Client thread/INFO]: Reloading ResourceManager: Default, FMLFileResourcePack:Forge Mod Loader, FMLFileResourcePack:Minecraft Forge, FMLFileResourcePack:Accelerator Mod
[23:02:53] [Sound Library Loader/INFO]: Sound engine started
[23:02:54] [Client thread/INFO]: Created: 512x256 textures/blocks-atlas
[23:02:54] [Client thread/INFO]: Created: 256x256 textures/items-atlas
[23:02:54] [Client thread/INFO]: Reloading ResourceManager: Default, FMLFileResourcePack:Forge Mod Loader, FMLFileResourcePack:Minecraft Forge, FMLFileResourcePack:Accelerator Mod
[23:02:54] [Client thread/INFO]: Created: 512x256 textures/blocks-atlas
[23:02:54] [Client thread/INFO]: Created: 256x256 textures/items-atlas
[23:02:55] [Sound Library Loader/INFO]: Sound engine started
[23:02:57] [Server thread/INFO]: Starting integrated minecraft server version 1.7.10
[23:02:57] [Server thread/INFO]: Generating keypair
[23:02:57] [Server thread/INFO]: Preparing start region for level 0
[23:02:58] [Server thread/INFO]: Changing view distance to 12, from 10
[23:02:58] [Server thread/INFO]: Player814[local:E:599a81fb] logged in with entity id 253 at (-49.021800898186626, 4.0, 1541.6423767648903)
[23:02:58] [Server thread/INFO]: Player814 joined the game
[23:02:58] [Server thread/INFO]: [CHAT] 256
[23:02:58] [Server thread/INFO]: [CHAT] 255
[23:02:58] [Server thread/INFO]: [CHAT] 255
[23:02:58] [Server thread/INFO]: [CHAT] 255
[23:02:58] [Server thread/INFO]: [CHAT] 255
[23:02:58] [Server thread/INFO]: [CHAT] 255
[23:02:58] [Server thread/INFO]: [CHAT] 255
[23:02:59] [Server thread/INFO]: [CHAT] 255
[23:02:59] [Server thread/INFO]: [CHAT] 255
[23:02:59] [Server thread/INFO]: [CHAT] 255
[23:02:59] [Server thread/INFO]: [CHAT] 255
[23:02:59] [Server thread/INFO]: [CHAT] 255
[23:02:59] [Server thread/INFO]: [CHAT] 255
[23:02:59] [Server thread/INFO]: [CHAT] 255
[23:02:59] [Server thread/INFO]: [CHAT] 255
[23:02:59] [Server thread/INFO]: [CHAT] 255
[23:02:59] [Server thread/INFO]: [CHAT] 255
[23:02:59] [Server thread/INFO]: [CHAT] 255
[23:02:59] [Server thread/INFO]: [CHAT] 255
[23:02:59] [Server thread/INFO]: [CHAT] 255
[23:02:59] [Server thread/INFO]: [CHAT] 255
[23:02:59] [Server thread/INFO]: [CHAT] 255
[23:02:59] [Server thread/INFO]: [CHAT] 255
[23:02:59] [Server thread/INFO]: [CHAT] 255
[23:02:59] [Server thread/INFO]: [CHAT] 255
[23:02:59] [Server thread/INFO]: [CHAT] 255
[23:03:00] [Server thread/INFO]: [CHAT] 255
[23:03:00] [Server thread/INFO]: [CHAT] 255
[23:03:00] [Server thread/INFO]: [CHAT] 255
[23:03:00] [Server thread/INFO]: [CHAT] 255
[23:03:00] [Server thread/INFO]: [CHAT] 255
[23:03:00] [Server thread/INFO]: [CHAT] 255
[23:03:00] [Server thread/INFO]: [CHAT] 255
[23:03:00] [Server thread/INFO]: [CHAT] 255
[23:03:00] [Server thread/INFO]: [CHAT] 255
[23:03:00] [Server thread/INFO]: [CHAT] 255
[23:03:00] [Server thread/INFO]: [CHAT] 255
[23:03:00] [Server thread/INFO]: [CHAT] 255
[23:03:00] [Server thread/INFO]: [CHAT] 255
[23:03:00] [Server thread/INFO]: [CHAT] 255
[23:03:00] [Server thread/INFO]: [CHAT] 255
[23:03:00] [Server thread/INFO]: [CHAT] 255
[23:03:00] [Server thread/INFO]: [CHAT] 255
[23:03:00] [Server thread/INFO]: [CHAT] 255
[23:03:01] [Server thread/INFO]: [CHAT] 255
[23:03:01] [Server thread/INFO]: [CHAT] 255
[23:03:01] [Server thread/INFO]: [CHAT] 255
[23:03:01] [Server thread/INFO]: [CHAT] 255
[23:03:01] [Server thread/INFO]: [CHAT] 255
[23:03:01] [Server thread/INFO]: [CHAT] 255
[23:03:01] [Server thread/INFO]: [CHAT] 255
[23:03:01] [Server thread/INFO]: [CHAT] 255
[23:03:01] [Server thread/INFO]: [CHAT] 255
[23:03:01] [Server thread/INFO]: [CHAT] 255
[23:03:01] [Server thread/INFO]: [CHAT] 255
[23:03:01] [Server thread/INFO]: [CHAT] 255
[23:03:01] [Server thread/INFO]: [CHAT] 255
[23:03:01] [Server thread/INFO]: [CHAT] 255
[23:03:01] [Server thread/INFO]: [CHAT] 255
[23:03:01] [Server thread/INFO]: [CHAT] 255
[23:03:01] [Server thread/INFO]: [CHAT] 255
[23:03:02] [Server thread/INFO]: [CHAT] 255
[23:03:02] [Server thread/INFO]: [CHAT] 255
[23:03:02] [Server thread/INFO]: [CHAT] 255
[23:03:02] [Server thread/INFO]: [CHAT] 255
[23:03:02] [Server thread/INFO]: [CHAT] 255
[23:03:02] [Server thread/INFO]: [CHAT] 255
[23:03:02] [Server thread/INFO]: [CHAT] 255
[23:03:02] [Server thread/INFO]: [CHAT] 255
[23:03:02] [Server thread/INFO]: [CHAT] 255
[23:03:02] [Server thread/INFO]: [CHAT] 255
[23:03:02] [Server thread/INFO]: [CHAT] 255
[23:03:02] [Server thread/INFO]: [CHAT] 255
[23:03:02] [Server thread/INFO]: [CHAT] 255
[23:03:02] [Server thread/INFO]: [CHAT] 255
[23:03:02] [Server thread/INFO]: [CHAT] 255
[23:03:02] [Server thread/INFO]: [CHAT] 255
[23:03:02] [Server thread/INFO]: [CHAT] 255
[23:03:02] [Server thread/INFO]: [CHAT] 255
[23:03:02] [Server thread/INFO]: [CHAT] 255
[23:03:03] [Server thread/INFO]: [CHAT] 255
[23:03:03] [Server thread/INFO]: [CHAT] 255
[23:03:03] [Server thread/INFO]: [CHAT] 255
[23:03:03] [Server thread/INFO]: [CHAT] 255
[23:03:03] [Server thread/INFO]: [CHAT] 255
[23:03:03] [Server thread/INFO]: [CHAT] 254
[23:03:03] [Server thread/INFO]: [CHAT] 254
[23:03:03] [Server thread/INFO]: [CHAT] 254
[23:03:03] [Server thread/INFO]: [CHAT] 253
[23:03:03] [Server thread/INFO]: [CHAT] 253
[23:03:03] [Server thread/INFO]: [CHAT] 253
[23:03:03] [Server thread/INFO]: [CHAT] 252
[23:03:03] [Server thread/INFO]: [CHAT] 252
[23:03:03] [Server thread/INFO]: [CHAT] 252
[23:03:03] [Server thread/INFO]: [CHAT] 252
[23:03:03] [Server thread/INFO]: [CHAT] 252
[23:03:03] [Server thread/INFO]: [CHAT] 251
[23:03:03] [Server thread/INFO]: [CHAT] 286
[23:03:03] [Server thread/INFO]: [CHAT] 286
[23:03:03] [Server thread/INFO]: [CHAT] 285
[23:03:04] [Server thread/INFO]: [CHAT] 285
[23:03:04] [Server thread/INFO]: [CHAT] 285
[23:03:04] [Server thread/INFO]: [CHAT] 285
[23:03:04] [Server thread/INFO]: [CHAT] 285
[23:03:04] [Server thread/INFO]: [CHAT] 285
[23:03:04] [Server thread/INFO]: [CHAT] 285
[23:03:04] [Server thread/INFO]: [CHAT] 285
[23:03:04] [Server thread/INFO]: [CHAT] 285
[23:03:04] [Server thread/INFO]: [CHAT] 285
[23:03:04] [Server thread/INFO]: [CHAT] 285
[23:03:04] [Server thread/INFO]: [CHAT] 285
[23:03:04] [Server thread/INFO]: [CHAT] 285
[23:03:04] [Server thread/INFO]: [CHAT] 285
[23:03:04] [Server thread/INFO]: [CHAT] 285
[23:03:04] [Server thread/INFO]: [CHAT] 285
[23:03:04] [Server thread/INFO]: [CHAT] 285
[23:03:04] [Server thread/INFO]: [CHAT] 285
[23:03:04] [Server thread/INFO]: [CHAT] 285
[23:03:04] [Server thread/INFO]: [CHAT] 285
[23:03:05] [Server thread/INFO]: [CHAT] 285
[23:03:05] [Server thread/INFO]: [CHAT] 285
[23:03:05] [Server thread/INFO]: [CHAT] 284
[23:03:05] [Server thread/INFO]: [CHAT] 284
[23:03:05] [Server thread/INFO]: [CHAT] 283
[23:03:05] [Server thread/INFO]: [CHAT] 283
[23:03:05] [Server thread/INFO]: [CHAT] 282
[23:03:05] [Server thread/INFO]: [CHAT] 282
[23:03:05] [Server thread/INFO]: [CHAT] 282
[23:03:05] [Server thread/INFO]: [CHAT] 282
[23:03:05] [Server thread/INFO]: [CHAT] 282
[23:03:05] [Server thread/INFO]: [CHAT] 282
[23:03:05] [Server thread/INFO]: [CHAT] 281
[23:03:05] [Server thread/INFO]: [CHAT] 281
[23:03:05] [Server thread/INFO]: [CHAT] 281
[23:03:05] [Server thread/INFO]: [CHAT] 281
[23:03:05] [Server thread/INFO]: [CHAT] 281
[23:03:05] [Server thread/INFO]: [CHAT] 281
[23:03:05] [Server thread/INFO]: [CHAT] 281
[23:03:05] [Server thread/INFO]: [CHAT] 281
[23:03:06] [Server thread/INFO]: [CHAT] 281
[23:03:06] [Server thread/INFO]: [CHAT] 281
[23:03:06] [Server thread/INFO]: [CHAT] 281
[23:03:06] [Server thread/INFO]: [CHAT] 281
[23:03:06] [Server thread/INFO]: [CHAT] 281
[23:03:06] [Server thread/INFO]: [CHAT] 281
[23:03:06] [Server thread/INFO]: [CHAT] 281
[23:03:06] [Server thread/INFO]: [CHAT] 281
[23:03:06] [Server thread/INFO]: [CHAT] 281
[23:03:06] [Server thread/INFO]: [CHAT] 281
[23:03:06] [Server thread/INFO]: [CHAT] 281
[23:03:06] [Server thread/INFO]: [CHAT] 281
[23:03:06] [Server thread/INFO]: [CHAT] 281
[23:03:06] [Server thread/INFO]: [CHAT] 281
[23:03:06] [Server thread/INFO]: [CHAT] 280
[23:03:06] [Server thread/INFO]: [CHAT] 280
[23:03:06] [Server thread/INFO]: [CHAT] 280
[23:03:06] [Server thread/INFO]: [CHAT] 280
[23:03:06] [Server thread/INFO]: [CHAT] 279
[23:03:07] [Server thread/INFO]: [CHAT] 279
[23:03:07] [Server thread/INFO]: [CHAT] 279
[23:03:07] [Server thread/INFO]: [CHAT] 279
[23:03:07] [Server thread/INFO]: [CHAT] 278
[23:03:07] [Server thread/INFO]: [CHAT] 278
[23:03:07] [Server thread/INFO]: [CHAT] 278
[23:03:07] [Server thread/INFO]: [CHAT] 278
[23:03:07] [Server thread/INFO]: [CHAT] 278
[23:03:07] [Server thread/INFO]: [CHAT] 278
[23:03:07] [Server thread/INFO]: [CHAT] 278
[23:03:07] [Server thread/INFO]: [CHAT] 278
[23:03:07] [Server thread/INFO]: [CHAT] 278
[23:03:07] [Server thread/INFO]: [CHAT] 278
[23:03:07] [Server thread/INFO]: [CHAT] 278
[23:03:07] [Server thread/INFO]: [CHAT] 278
[23:03:07] [Server thread/INFO]: [CHAT] 278
[23:03:07] [Server thread/INFO]: [CHAT] 278
[23:03:07] [Server thread/INFO]: [CHAT] 278
[23:03:07] [Server thread/INFO]: [CHAT] 278
[23:03:07] [Server thread/INFO]: [CHAT] 278
[23:03:08] [Server thread/INFO]: [CHAT] 277
[23:03:08] [Server thread/INFO]: [CHAT] 277
[23:03:08] [Server thread/INFO]: [CHAT] 277
[23:03:08] [Server thread/INFO]: [CHAT] 277
[23:03:08] [Server thread/INFO]: [CHAT] 277
[23:03:08] [Server thread/INFO]: [CHAT] 277
[23:03:08] [Server thread/INFO]: [CHAT] 277
[23:03:08] [Server thread/INFO]: [CHAT] 277
[23:03:08] [Server thread/INFO]: [CHAT] 277
[23:03:08] [Server thread/INFO]: [CHAT] 277
[23:03:08] [Server thread/INFO]: [CHAT] 277
[23:03:08] [Server thread/INFO]: [CHAT] 277
[23:03:08] [Server thread/INFO]: [CHAT] 277
[23:03:08] [Server thread/INFO]: [CHAT] 277
[23:03:08] [Server thread/INFO]: [CHAT] 277
[23:03:08] [Server thread/INFO]: [CHAT] 277
[23:03:08] [Server thread/INFO]: [CHAT] 277
[23:03:08] [Server thread/INFO]: [CHAT] 277
[23:03:08] [Server thread/INFO]: [CHAT] 277
[23:03:09] [Server thread/INFO]: [CHAT] 277
[23:03:09] [Server thread/INFO]: [CHAT] 277
[23:03:09] [Server thread/INFO]: [CHAT] 277
[23:03:09] [Server thread/INFO]: [CHAT] 277
[23:03:09] [Server thread/INFO]: [CHAT] 276
[23:03:09] [Server thread/INFO]: [CHAT] 276
[23:03:09] [Server thread/INFO]: [CHAT] 276
[23:03:09] [Server thread/INFO]: [CHAT] 276
[23:03:09] [Server thread/INFO]: [CHAT] 276
[23:03:09] [Server thread/INFO]: [CHAT] 276
[23:03:09] [Server thread/INFO]: [CHAT] 276
[23:03:09] [Server thread/INFO]: [CHAT] 276
[23:03:09] [Server thread/INFO]: [CHAT] 276
[23:03:09] [Server thread/INFO]: [CHAT] 276
[23:03:09] [Server thread/INFO]: [CHAT] 276
[23:03:09] [Server thread/INFO]: [CHAT] 276
[23:03:09] [Server thread/INFO]: [CHAT] 276
[23:03:09] [Server thread/INFO]: [CHAT] 276
[23:03:09] [Server thread/INFO]: [CHAT] 276
[23:03:09] [Server thread/INFO]: [CHAT] 276
[23:03:10] [Server thread/INFO]: [CHAT] 276
[23:03:10] [Server thread/INFO]: [CHAT] 276
[23:03:10] [Server thread/INFO]: [CHAT] 276
[23:03:10] [Server thread/INFO]: [CHAT] 276
[23:03:10] [Server thread/INFO]: [CHAT] 276
[23:03:10] [Server thread/INFO]: [CHAT] 276
[23:03:10] [Server thread/INFO]: [CHAT] 276
[23:03:10] [Server thread/INFO]: [CHAT] 276
[23:03:10] [Server thread/INFO]: [CHAT] 276
[23:03:10] [Server thread/INFO]: [CHAT] 276
[23:03:10] [Server thread/INFO]: [CHAT] 276
[23:03:10] [Server thread/INFO]: [CHAT] 276
[23:03:10] [Server thread/INFO]: [CHAT] 276
[23:03:10] [Server thread/INFO]: [CHAT] 276
[23:03:10] [Server thread/INFO]: [CHAT] 276
[23:03:10] [Server thread/INFO]: [CHAT] 276
[23:03:10] [Server thread/INFO]: [CHAT] 276
[23:03:10] [Server thread/INFO]: [CHAT] 276
[23:03:10] [Server thread/INFO]: [CHAT] 276
[23:03:10] [Server thread/INFO]: [CHAT] 276
[23:03:11] [Server thread/INFO]: [CHAT] 276
[23:03:11] [Server thread/INFO]: [CHAT] 276
[23:03:11] [Server thread/INFO]: [CHAT] 276
[23:03:11] [Server thread/INFO]: [CHAT] 276
[23:03:11] [Server thread/INFO]: [CHAT] 276
[23:03:11] [Server thread/INFO]: [CHAT] 276
[23:03:11] [Server thread/INFO]: [CHAT] 276
[23:03:11] [Server thread/INFO]: [CHAT] 276
[23:03:11] [Server thread/INFO]: [CHAT] 276
[23:03:11] [Server thread/INFO]: [CHAT] 276
[23:03:11] [Server thread/INFO]: [CHAT] 276
[23:03:11] [Server thread/INFO]: [CHAT] 276
[23:03:11] [Server thread/INFO]: [CHAT] 276
[23:03:11] [Server thread/INFO]: [CHAT] 276
[23:03:11] [Server thread/INFO]: [CHAT] 276
[23:03:11] [Server thread/INFO]: [CHAT] 276
[23:03:11] [Server thread/INFO]: [CHAT] 276
[23:03:11] [Server thread/INFO]: [CHAT] 276
[23:03:11] [Server thread/INFO]: [CHAT] 276
[23:03:11] [Server thread/INFO]: [CHAT] 276
[23:03:12] [Server thread/INFO]: [CHAT] 276
[23:03:12] [Server thread/INFO]: [CHAT] 276
[23:03:12] [Server thread/INFO]: [CHAT] 276
[23:03:12] [Server thread/INFO]: [CHAT] 276
[23:03:12] [Server thread/INFO]: [CHAT] 276
[23:03:12] [Server thread/INFO]: [CHAT] 276
[23:03:12] [Server thread/INFO]: [CHAT] 276
[23:03:12] [Server thread/INFO]: [CHAT] 276
[23:03:12] [Server thread/INFO]: [CHAT] 276
[23:03:12] [Server thread/INFO]: [CHAT] 276
[23:03:12] [Server thread/INFO]: [CHAT] 276
[23:03:12] [Server thread/INFO]: [CHAT] 276
[23:03:12] [Server thread/INFO]: [CHAT] 276
[23:03:12] [Server thread/INFO]: [CHAT] 276
[23:03:12] [Server thread/INFO]: [CHAT] 276
[23:03:12] [Server thread/INFO]: [CHAT] 276
[23:03:12] [Server thread/INFO]: [CHAT] 276
[23:03:12] [Server thread/INFO]: [CHAT] 276
[23:03:12] [Server thread/INFO]: [CHAT] 276
[23:03:12] [Server thread/INFO]: [CHAT] 276
[23:03:13] [Server thread/INFO]: [CHAT] 276
[23:03:13] [Server thread/INFO]: [CHAT] 276
[23:03:13] [Server thread/INFO]: [CHAT] 276
[23:03:13] [Server thread/INFO]: [CHAT] 276
[23:03:13] [Server thread/INFO]: [CHAT] 276
[23:03:13] [Server thread/INFO]: [CHAT] 276
[23:03:13] [Server thread/INFO]: [CHAT] 276
[23:03:13] [Server thread/INFO]: [CHAT] 276
[23:03:13] [Server thread/INFO]: [CHAT] 276
[23:03:13] [Server thread/INFO]: [CHAT] 276
[23:03:13] [Server thread/INFO]: [CHAT] 276
[23:03:13] [Server thread/INFO]: [CHAT] 276
[23:03:13] [Server thread/INFO]: [CHAT] 276
[23:03:13] [Server thread/INFO]: [CHAT] 276
[23:03:13] [Server thread/INFO]: [CHAT] 276
[23:03:13] [Server thread/INFO]: [CHAT] 276
[23:03:13] [Server thread/INFO]: [CHAT] 276
[23:03:13] [Server thread/INFO]: [CHAT] 276
[23:03:13] [Server thread/INFO]: [CHAT] 276
[23:03:13] [Server thread/INFO]: [CHAT] 276
[23:03:14] [Server thread/INFO]: [CHAT] 276
[23:03:14] [Server thread/INFO]: Saving and pausing game...
[23:03:14] [Server thread/INFO]: Saving chunks for level 'New World'/Overworld
[23:03:14] [Server thread/INFO]: Saving chunks for level 'New World'/Nether
[23:03:14] [Server thread/INFO]: Saving chunks for level 'New World'/The End
[23:03:16] [Server thread/INFO]: Stopping server
[23:03:16] [Server thread/INFO]: Saving players
[23:03:16] [Server thread/INFO]: Saving worlds
[23:03:16] [Server thread/INFO]: Saving chunks for level 'New World'/Overworld
[23:03:16] [Server thread/INFO]: Saving chunks for level 'New World'/Nether
[23:03:16] [Server thread/INFO]: Saving chunks for level 'New World'/The End
[23:03:52] [Server thread/INFO]: Starting integrated minecraft server version 1.7.10
[23:03:52] [Server thread/INFO]: Generating keypair
[23:03:52] [Server thread/INFO]: Preparing start region for level 0
[23:03:52] [Server thread/INFO]: Changing view distance to 12, from 10
[23:03:53] [Server thread/INFO]: Player814[local:E:3dd25337] logged in with entity id 54585 at (-39.5216041150488, 4.0, 1556.3470447582217)
[23:03:53] [Server thread/INFO]: Player814 joined the game
[23:03:53] [Server thread/INFO]: [CHAT] 277
[23:03:53] [Client thread/INFO]: [CHAT] 6
[23:03:53] [Client thread/INFO]: [CHAT] 6
[23:03:53] [Server thread/INFO]: [CHAT] 277
[23:03:53] [Server thread/INFO]: [CHAT] 277
[23:03:53] [Client thread/INFO]: [CHAT] 18
[23:03:53] [Server thread/INFO]: [CHAT] 276
[23:03:53] [Client thread/INFO]: [CHAT] 30
[23:03:53] [Client thread/INFO]: [CHAT] 30
[23:03:53] [Server thread/INFO]: [CHAT] 276
[23:03:53] [Server thread/INFO]: [CHAT] 276
[23:03:53] [Client thread/INFO]: [CHAT] 32
[23:03:53] [Server thread/INFO]: [CHAT] 276
[23:03:53] [Client thread/INFO]: [CHAT] 37
[23:03:53] [Server thread/INFO]: [CHAT] 276
[23:03:53] [Client thread/INFO]: [CHAT] 44
[23:03:53] [Client thread/INFO]: [CHAT] 44
[23:03:53] [Server thread/INFO]: [CHAT] 276
[23:03:53] [Server thread/INFO]: [CHAT] 276
[23:03:53] [Client thread/INFO]: [CHAT] 47
[23:03:53] [Server thread/INFO]: [CHAT] 276
[23:03:53] [Client thread/INFO]: [CHAT] 55
[23:03:53] [Server thread/INFO]: [CHAT] 276
[23:03:53] [Client thread/INFO]: [CHAT] 56
[23:03:53] [Server thread/INFO]: [CHAT] 276
[23:03:53] [Client thread/INFO]: [CHAT] 59
[23:03:53] [Server thread/INFO]: [CHAT] 276
[23:03:53] [Client thread/INFO]: [CHAT] 60
[23:03:53] [Server thread/INFO]: [CHAT] 276
[23:03:53] [Client thread/INFO]: [CHAT] 63
[23:03:54] [Server thread/INFO]: [CHAT] 276
[23:03:54] [Client thread/INFO]: [CHAT] 64
[23:03:54] [Server thread/INFO]: [CHAT] 276
[23:03:54] [Client thread/INFO]: [CHAT] 66
[23:03:54] [Server thread/INFO]: [CHAT] 276
[23:03:54] [Client thread/INFO]: [CHAT] 71
[23:03:54] [Server thread/INFO]: [CHAT] 275
[23:03:54] [Client thread/INFO]: [CHAT] 72
[23:03:54] [Server thread/INFO]: [CHAT] 275
[23:03:54] [Client thread/INFO]: [CHAT] 71
[23:03:54] [Server thread/INFO]: [CHAT] 275
[23:03:54] [Client thread/INFO]: [CHAT] 71
[23:03:54] [Server thread/INFO]: [CHAT] 275
[23:03:54] [Client thread/INFO]: [CHAT] 71
[23:03:54] [Server thread/INFO]: [CHAT] 275
[23:03:54] [Client thread/INFO]: [CHAT] 71
[23:03:54] [Server thread/INFO]: [CHAT] 275
[23:03:54] [Client thread/INFO]: [CHAT] 71
[23:03:54] [Server thread/INFO]: [CHAT] 275
[23:03:54] [Client thread/INFO]: [CHAT] 71
[23:03:54] [Server thread/INFO]: [CHAT] 275
[23:03:54] [Client thread/INFO]: [CHAT] 71
[23:03:54] [Server thread/INFO]: [CHAT] 275
[23:03:54] [Client thread/INFO]: [CHAT] 71
[23:03:54] [Server thread/INFO]: [CHAT] 275
[23:03:54] [Client thread/INFO]: [CHAT] 71
[23:03:54] [Server thread/INFO]: [CHAT] 275
[23:03:54] [Client thread/INFO]: [CHAT] 71
[23:03:54] [Server thread/INFO]: [CHAT] 275
[23:03:54] [Client thread/INFO]: [CHAT] 71
[23:03:54] [Server thread/INFO]: [CHAT] 275
[23:03:54] [Client thread/INFO]: [CHAT] 71
[23:03:54] [Server thread/INFO]: [CHAT] 275
[23:03:54] [Client thread/INFO]: [CHAT] 71
[23:03:54] [Server thread/INFO]: [CHAT] 275
[23:03:54] [Client thread/INFO]: [CHAT] 71
[23:03:54] [Server thread/INFO]: [CHAT] 275
[23:03:54] [Client thread/INFO]: [CHAT] 71
[23:03:54] [Server thread/INFO]: [CHAT] 275
[23:03:54] [Client thread/INFO]: [CHAT] 71
[23:03:55] [Server thread/INFO]: [CHAT] 275
[23:03:55] [Client thread/INFO]: [CHAT] 71
[23:03:55] [Server thread/INFO]: [CHAT] 275
[23:03:55] [Client thread/INFO]: [CHAT] 71
[23:03:55] [Server thread/INFO]: [CHAT] 275
[23:03:55] [Client thread/INFO]: [CHAT] 71
[23:03:55] [Server thread/INFO]: [CHAT] 275
[23:03:55] [Client thread/INFO]: [CHAT] 71
[23:03:55] [Server thread/INFO]: [CHAT] 275
[23:03:55] [Client thread/INFO]: [CHAT] 71
[23:03:55] [Server thread/INFO]: [CHAT] 275
[23:03:55] [Client thread/INFO]: [CHAT] 71
[23:03:55] [Client thread/INFO]: [CHAT] 71
[23:03:55] [Server thread/INFO]: [CHAT] 275
[23:03:55] [Server thread/INFO]: [CHAT] 275
[23:03:55] [Client thread/INFO]: [CHAT] 71
[23:03:55] [Server thread/INFO]: [CHAT] 275
[23:03:55] [Client thread/INFO]: [CHAT] 71
[23:03:55] [Client thread/INFO]: [CHAT] 68
[23:03:55] [Server thread/INFO]: [CHAT] 275
[23:03:55] [Server thread/INFO]: [CHAT] 275
[23:03:55] [Client thread/INFO]: [CHAT] 68
[23:03:55] [Server thread/INFO]: [CHAT] 275
[23:03:55] [Client thread/INFO]: [CHAT] 68
[23:03:55] [Server thread/INFO]: [CHAT] 275
[23:03:55] [Client thread/INFO]: [CHAT] 68
[23:03:55] [Server thread/INFO]: [CHAT] 275
[23:03:55] [Client thread/INFO]: [CHAT] 68
[23:03:55] [Server thread/INFO]: [CHAT] 275
[23:03:55] [Client thread/INFO]: [CHAT] 68
[23:03:55] [Server thread/INFO]: [CHAT] 275
[23:03:55] [Client thread/INFO]: [CHAT] 68
[23:03:55] [Server thread/INFO]: [CHAT] 275
[23:03:55] [Client thread/INFO]: [CHAT] 68
[23:03:55] [Server thread/INFO]: [CHAT] 275
[23:03:55] [Client thread/INFO]: [CHAT] 68
[23:03:55] [Server thread/INFO]: [CHAT] 275
[23:03:55] [Client thread/INFO]: [CHAT] 68
[23:03:55] [Client thread/INFO]: [CHAT] 68
[23:03:55] [Server thread/INFO]: [CHAT] 275
[23:03:55] [Server thread/INFO]: [CHAT] 275
[23:03:56] [Client thread/INFO]: [CHAT] 68
[23:03:56] [Server thread/INFO]: [CHAT] 275
[23:03:56] [Client thread/INFO]: [CHAT] 68
[23:03:56] [Server thread/INFO]: [CHAT] 275
[23:03:56] [Client thread/INFO]: [CHAT] 68
[23:03:56] [Server thread/INFO]: [CHAT] 275
[23:03:56] [Client thread/INFO]: [CHAT] 68
[23:03:56] [Server thread/INFO]: [CHAT] 274
[23:03:56] [Client thread/INFO]: [CHAT] 68
[23:03:56] [Server thread/INFO]: [CHAT] 274
[23:03:56] [Client thread/INFO]: [CHAT] 67
[23:03:56] [Server thread/INFO]: [CHAT] 274
[23:03:56] [Client thread/INFO]: [CHAT] 67
[23:03:56] [Client thread/INFO]: [CHAT] 67
[23:03:56] [Server thread/INFO]: [CHAT] 274
[23:03:56] [Server thread/INFO]: [CHAT] 274
[23:03:56] [Client thread/INFO]: [CHAT] 67
[23:03:56] [Server thread/INFO]: [CHAT] 274
[23:03:56] [Client thread/INFO]: [CHAT] 67
[23:03:56] [Server thread/INFO]: [CHAT] 274
[23:03:56] [Client thread/INFO]: [CHAT] 67
[23:03:56] [Server thread/INFO]: [CHAT] 274
[23:03:56] [Client thread/INFO]: [CHAT] 67
[23:03:56] [Server thread/INFO]: [CHAT] 274
[23:03:56] [Client thread/INFO]: [CHAT] 67
[23:03:56] [Server thread/INFO]: [CHAT] 274
[23:03:56] [Client thread/INFO]: [CHAT] 67
[23:03:56] [Server thread/INFO]: [CHAT] 274
[23:03:56] [Client thread/INFO]: [CHAT] 67
[23:03:56] [Server thread/INFO]: [CHAT] 274
[23:03:56] [Client thread/INFO]: [CHAT] 67
[23:03:56] [Server thread/INFO]: [CHAT] 274
[23:03:56] [Client thread/INFO]: [CHAT] 67
[23:03:56] [Server thread/INFO]: [CHAT] 274
[23:03:56] [Client thread/INFO]: [CHAT] 67
[23:03:56] [Server thread/INFO]: [CHAT] 274
[23:03:56] [Client thread/INFO]: [CHAT] 67
[23:03:56] [Client thread/INFO]: [CHAT] 67
[23:03:56] [Server thread/INFO]: [CHAT] 274
[23:03:56] [Server thread/INFO]: [CHAT] 274
[23:03:57] [Client thread/INFO]: [CHAT] 67
[23:03:57] [Server thread/INFO]: [CHAT] 274
[23:03:57] [Client thread/INFO]: [CHAT] 67
[23:03:57] [Server thread/INFO]: [CHAT] 274
[23:03:57] [Client thread/INFO]: [CHAT] 67
[23:03:57] [Server thread/INFO]: [CHAT] 274
[23:03:57] [Client thread/INFO]: [CHAT] 67
[23:03:57] [Server thread/INFO]: [CHAT] 274
[23:03:57] [Client thread/INFO]: [CHAT] 67
[23:03:57] [Server thread/INFO]: [CHAT] 274
[23:03:57] [Client thread/INFO]: [CHAT] 67
[23:03:57] [Server thread/INFO]: [CHAT] 274
[23:03:57] [Client thread/INFO]: [CHAT] 67
[23:03:57] [Server thread/INFO]: [CHAT] 274
[23:03:57] [Client thread/INFO]: [CHAT] 67
[23:03:57] [Client thread/INFO]: [CHAT] 67
[23:03:57] [Server thread/INFO]: [CHAT] 274
[23:03:57] [Server thread/INFO]: [CHAT] 274
[23:03:57] [Client thread/INFO]: [CHAT] 67
[23:03:57] [Server thread/INFO]: [CHAT] 274
[23:03:57] [Client thread/INFO]: [CHAT] 67
[23:03:57] [Client thread/INFO]: [CHAT] 67
[23:03:57] [Server thread/INFO]: Player814 was blown up by Creeper
[23:03:57] [Client thread/INFO]: [CHAT] Player814 was blown up by Creeper
[23:03:59] [Server thread/INFO]: Player814 has just earned the achievement [Taking Inventory]
[23:03:59] [Client thread/INFO]: [CHAT] Player814 has just earned the achievement [Taking Inventory]
[23:04:07] [Client thread/INFO]: [CHAT] Your game mode has been updated
[23:04:07] [Server thread/INFO]: [Player814: Set own game mode to Creative Mode]
[23:04:15] [Client thread/INFO]: [CHAT] 115
[23:04:15] [Server thread/INFO]: [CHAT] 317
[23:04:15] [Client thread/INFO]: [CHAT] 115
[23:04:15] [Server thread/INFO]: [CHAT] 317
[23:04:15] [Client thread/INFO]: [CHAT] 115
[23:04:15] [Server thread/INFO]: [CHAT] 317
[23:04:15] [Client thread/INFO]: [CHAT] 115
[23:04:15] [Server thread/INFO]: [CHAT] 317
[23:04:15] [Client thread/INFO]: [CHAT] 115
[23:04:15] [Server thread/INFO]: [CHAT] 317
[23:04:15] [Client thread/INFO]: [CHAT] 115
[23:04:15] [Server thread/INFO]: [CHAT] 317
[23:04:15] [Client thread/INFO]: [CHAT] 115
[23:04:15] [Server thread/INFO]: [CHAT] 317
[23:04:15] [Client thread/INFO]: [CHAT] 115
[23:04:15] [Server thread/INFO]: [CHAT] 317
[23:04:15] [Client thread/INFO]: [CHAT] 115
[23:04:15] [Server thread/INFO]: [CHAT] 317
[23:04:15] [Client thread/INFO]: [CHAT] 115
[23:04:15] [Server thread/INFO]: [CHAT] 317
[23:04:15] [Client thread/INFO]: [CHAT] 115
[23:04:15] [Server thread/INFO]: [CHAT] 317
[23:04:15] [Client thread/INFO]: [CHAT] 115
[23:04:16] [Server thread/INFO]: [CHAT] 317
[23:04:16] [Client thread/INFO]: [CHAT] 115
[23:04:16] [Server thread/INFO]: [CHAT] 317
[23:04:16] [Client thread/INFO]: [CHAT] 115
[23:04:16] [Server thread/INFO]: [CHAT] 317
[23:04:16] [Client thread/INFO]: [CHAT] 115
[23:04:16] [Server thread/INFO]: [CHAT] 317
[23:04:16] [Client thread/INFO]: [CHAT] 115
[23:04:16] [Server thread/INFO]: [CHAT] 317
[23:04:16] [Client thread/INFO]: [CHAT] 115
[23:04:16] [Server thread/INFO]: [CHAT] 317
[23:04:16] [Client thread/INFO]: [CHAT] 115
[23:04:16] [Server thread/INFO]: [CHAT] 317
[23:04:16] [Client thread/INFO]: [CHAT] 115
[23:04:16] [Server thread/INFO]: [CHAT] 317
[23:04:16] [Client thread/INFO]: [CHAT] 115
[23:04:16] [Server thread/INFO]: [CHAT] 317
[23:04:16] [Client thread/INFO]: [CHAT] 115
[23:04:16] [Server thread/INFO]: [CHAT] 317
[23:04:16] [Client thread/INFO]: [CHAT] 115
[23:04:16] [Server thread/INFO]: [CHAT] 317
[23:04:16] [Client thread/INFO]: [CHAT] 115
[23:04:16] [Server thread/INFO]: [CHAT] 317
[23:04:16] [Client thread/INFO]: [CHAT] 115
[23:04:16] [Server thread/INFO]: [CHAT] 317
[23:04:16] [Client thread/INFO]: [CHAT] 115
[23:04:16] [Server thread/INFO]: [CHAT] 317
[23:04:16] [Client thread/INFO]: [CHAT] 115
[23:04:16] [Server thread/INFO]: [CHAT] 317
[23:04:16] [Client thread/INFO]: [CHAT] 115
[23:04:16] [Client thread/INFO]: [CHAT] 115
[23:04:16] [Server thread/INFO]: [CHAT] 317
[23:04:16] [Server thread/INFO]: [CHAT] 317
[23:04:16] [Client thread/INFO]: [CHAT] 115
[23:04:16] [Server thread/INFO]: [CHAT] 317
[23:04:16] [Client thread/INFO]: [CHAT] 115
[23:04:16] [Server thread/INFO]: [CHAT] 317
[23:04:16] [Client thread/INFO]: [CHAT] 115
[23:04:16] [Server thread/INFO]: [CHAT] 317
[23:04:16] [Client thread/INFO]: [CHAT] 115
[23:04:17] [Server thread/INFO]: [CHAT] 317
[23:04:17] [Client thread/INFO]: [CHAT] 115
[23:04:17] [Server thread/INFO]: [CHAT] 317
[23:04:17] [Client thread/INFO]: [CHAT] 115
[23:04:17] [Server thread/INFO]: [CHAT] 317
[23:04:17] [Client thread/INFO]: [CHAT] 115
[23:04:17] [Server thread/INFO]: [CHAT] 317
[23:04:17] [Client thread/INFO]: [CHAT] 115
[23:04:17] [Server thread/INFO]: [CHAT] 317
[23:04:17] [Client thread/INFO]: [CHAT] 115
[23:04:17] [Server thread/INFO]: [CHAT] 317
[23:04:17] [Client thread/INFO]: [CHAT] 115
[23:04:17] [Server thread/INFO]: [CHAT] 317
[23:04:17] [Client thread/INFO]: [CHAT] 115
[23:04:17] [Server thread/INFO]: [CHAT] 317
[23:04:17] [Client thread/INFO]: [CHAT] 115
[23:04:17] [Server thread/INFO]: [CHAT] 317
[23:04:17] [Client thread/INFO]: [CHAT] 115
[23:04:17] [Server thread/INFO]: [CHAT] 317
[23:04:17] [Client thread/INFO]: [CHAT] 120
[23:04:17] [Client thread/INFO]: [CHAT] 120
[23:04:17] [Server thread/INFO]: [CHAT] 316
[23:04:17] [Server thread/INFO]: [CHAT] 316
[23:04:17] [Client thread/INFO]: [CHAT] 112
[23:04:17] [Server thread/INFO]: [CHAT] 316
[23:04:17] [Client thread/INFO]: [CHAT] 112
[23:04:17] [Server thread/INFO]: [CHAT] 316
[23:04:17] [Client thread/INFO]: [CHAT] 112
[23:04:17] [Server thread/INFO]: [CHAT] 316
[23:04:17] [Client thread/INFO]: [CHAT] 112
[23:04:17] [Server thread/INFO]: [CHAT] 315
[23:04:17] [Client thread/INFO]: [CHAT] 112
[23:04:17] [Server thread/INFO]: [CHAT] 315
[23:04:17] [Client thread/INFO]: [CHAT] 112
[23:04:17] [Server thread/INFO]: [CHAT] 314
[23:04:17] [Client thread/INFO]: [CHAT] 112
[23:04:17] [Server thread/INFO]: [CHAT] 313
[23:04:17] [Client thread/INFO]: [CHAT] 112
[23:04:17] [Server thread/INFO]: [CHAT] 313
[23:04:17] [Client thread/INFO]: [CHAT] 112
[23:04:18] [Server thread/INFO]: [CHAT] 312
[23:04:18] [Client thread/INFO]: [CHAT] 112
[23:04:18] [Server thread/INFO]: [CHAT] 312
[23:04:18] [Client thread/INFO]: [CHAT] 112
[23:04:18] [Server thread/INFO]: [CHAT] 312
[23:04:18] [Client thread/INFO]: [CHAT] 112
[23:04:18] [Server thread/INFO]: [CHAT] 312
[23:04:18] [Client thread/INFO]: [CHAT] 112
[23:04:18] [Server thread/INFO]: [CHAT] 312
[23:04:18] [Client thread/INFO]: [CHAT] 116
[23:04:18] [Server thread/INFO]: [CHAT] 312
[23:04:18] [Client thread/INFO]: [CHAT] 116
[23:04:18] [Server thread/INFO]: [CHAT] 311
[23:04:18] [Client thread/INFO]: [CHAT] 112
[23:04:18] [Server thread/INFO]: [CHAT] 311
[23:04:18] [Client thread/INFO]: [CHAT] 112
[23:04:18] [Server thread/INFO]: [CHAT] 311
[23:04:18] [Client thread/INFO]: [CHAT] 112
[23:04:18] [Server thread/INFO]: [CHAT] 311
[23:04:18] [Client thread/INFO]: [CHAT] 112
[23:04:18] [Server thread/INFO]: [CHAT] 311
[23:04:18] [Client thread/INFO]: [CHAT] 112
[23:04:18] [Server thread/INFO]: [CHAT] 311
[23:04:18] [Client thread/INFO]: [CHAT] 112
[23:04:18] [Server thread/INFO]: [CHAT] 311
[23:04:18] [Client thread/INFO]: [CHAT] 112
[23:04:18] [Server thread/INFO]: [CHAT] 311
[23:04:18] [Client thread/INFO]: [CHAT] 112
[23:04:18] [Server thread/INFO]: [CHAT] 311
[23:04:18] [Client thread/INFO]: [CHAT] 112
[23:04:18] [Server thread/INFO]: [CHAT] 311
[23:04:18] [Client thread/INFO]: [CHAT] 112
[23:04:18] [Server thread/INFO]: [CHAT] 310
[23:04:18] [Client thread/INFO]: [CHAT] 112
[23:04:18] [Server thread/INFO]: [CHAT] 310
[23:04:18] [Client thread/INFO]: [CHAT] 112
[23:04:18] [Server thread/INFO]: [CHAT] 310
[23:04:18] [Client thread/INFO]: [CHAT] 112
[23:04:18] [Server thread/INFO]: [CHAT] 310
[23:04:18] [Client thread/INFO]: [CHAT] 112
[23:04:19] [Server thread/INFO]: [CHAT] 310
[23:04:19] [Client thread/INFO]: [CHAT] 108
[23:04:19] [Server thread/INFO]: [CHAT] 310
[23:04:19] [Client thread/INFO]: [CHAT] 108
[23:04:19] [Server thread/INFO]: [CHAT] 310
[23:04:19] [Client thread/INFO]: [CHAT] 108
[23:04:19] [Server thread/INFO]: [CHAT] 310
[23:04:19] [Client thread/INFO]: [CHAT] 108
[23:04:19] [Server thread/INFO]: [CHAT] 310
[23:04:19] [Client thread/INFO]: [CHAT] 108
[23:04:19] [Server thread/INFO]: [CHAT] 310
[23:04:19] [Client thread/INFO]: [CHAT] 108
[23:04:19] [Server thread/INFO]: [CHAT] 310
[23:04:19] [Client thread/INFO]: [CHAT] 108
[23:04:19] [Server thread/INFO]: [CHAT] 310
[23:04:19] [Client thread/INFO]: [CHAT] 109
[23:04:19] [Server thread/INFO]: [CHAT] 310
[23:04:19] [Client thread/INFO]: [CHAT] 109
[23:04:19] [Server thread/INFO]: [CHAT] 309
[23:04:19] [Client thread/INFO]: [CHAT] 108
[23:04:19] [Server thread/INFO]: [CHAT] 309
[23:04:19] [Client thread/INFO]: [CHAT] 108
[23:04:19] [Server thread/INFO]: [CHAT] 309
[23:04:19] [Client thread/INFO]: [CHAT] 108
[23:04:19] [Server thread/INFO]: [CHAT] 309
[23:04:19] [Client thread/INFO]: [CHAT] 108
[23:04:19] [Server thread/INFO]: [CHAT] 309
[23:04:19] [Client thread/INFO]: [CHAT] 108
[23:04:19] [Server thread/INFO]: [CHAT] 309
[23:04:19] [Client thread/INFO]: [CHAT] 108
[23:04:19] [Server thread/INFO]: [CHAT] 309
[23:04:19] [Client thread/INFO]: [CHAT] 108
[23:04:19] [Server thread/INFO]: [CHAT] 308
[23:04:19] [Client thread/INFO]: [CHAT] 107
[23:04:19] [Server thread/INFO]: [CHAT] 307
[23:04:19] [Client thread/INFO]: [CHAT] 107
[23:04:19] [Server thread/INFO]: [CHAT] 307
[23:04:19] [Client thread/INFO]: [CHAT] 107
[23:04:19] [Server thread/INFO]: [CHAT] 307
[23:04:19] [Client thread/INFO]: [CHAT] 107
[23:04:20] [Server thread/INFO]: [CHAT] 307
[23:04:20] [Client thread/INFO]: [CHAT] 107
[23:04:20] [Client thread/INFO]: [CHAT] 107
[23:04:20] [Server thread/INFO]: [CHAT] 302
[23:04:20] [Server thread/INFO]: [CHAT] 302
[23:04:20] [Client thread/INFO]: [CHAT] 107
[23:04:20] [Server thread/INFO]: [CHAT] 302
[23:04:20] [Client thread/INFO]: [CHAT] 110
[23:04:20] [Server thread/INFO]: [CHAT] 302
[23:04:20] [Client thread/INFO]: [CHAT] 104
[23:04:20] [Server thread/INFO]: [CHAT] 302
[23:04:20] [Client thread/INFO]: [CHAT] 104
[23:04:20] [Server thread/INFO]: [CHAT] 302
[23:04:20] [Client thread/INFO]: [CHAT] 104
[23:04:20] [Server thread/INFO]: [CHAT] 302
[23:04:20] [Client thread/INFO]: [CHAT] 104
[23:04:20] [Server thread/INFO]: [CHAT] 302
[23:04:20] [Client thread/INFO]: [CHAT] 104
[23:04:20] [Server thread/INFO]: [CHAT] 302
[23:04:20] [Client thread/INFO]: [CHAT] 104
[23:04:20] [Server thread/INFO]: [CHAT] 302
[23:04:20] [Client thread/INFO]: [CHAT] 104
[23:04:20] [Server thread/INFO]: [CHAT] 302
[23:04:20] [Client thread/INFO]: [CHAT] 104
[23:04:20] [Server thread/INFO]: [CHAT] 302
[23:04:20] [Client thread/INFO]: [CHAT] 104
[23:04:20] [Server thread/INFO]: [CHAT] 302
[23:04:20] [Client thread/INFO]: [CHAT] 95
[23:04:20] [Server thread/INFO]: [CHAT] 302
[23:04:20] [Client thread/INFO]: [CHAT] 95
[23:04:20] [Server thread/INFO]: [CHAT] 301
[23:04:20] [Client thread/INFO]: [CHAT] 95
[23:04:20] [Server thread/INFO]: [CHAT] 301
[23:04:20] [Client thread/INFO]: [CHAT] 95
[23:04:20] [Server thread/INFO]: [CHAT] 301
[23:04:20] [Client thread/INFO]: [CHAT] 95
[23:04:20] [Server thread/INFO]: [CHAT] 301
[23:04:20] [Client thread/INFO]: [CHAT] 95
[23:04:20] [Server thread/INFO]: [CHAT] 301
[23:04:20] [Client thread/INFO]: [CHAT] 97
[23:04:21] [Server thread/INFO]: [CHAT] 300
[23:04:21] [Client thread/INFO]: [CHAT] 97
[23:04:21] [Server thread/INFO]: [CHAT] 300
[23:04:21] [Client thread/INFO]: [CHAT] 96
[23:04:21] [Server thread/INFO]: [CHAT] 300
[23:04:21] [Client thread/INFO]: [CHAT] 96
[23:04:21] [Server thread/INFO]: [CHAT] 300
[23:04:21] [Client thread/INFO]: [CHAT] 96
[23:04:21] [Server thread/INFO]: [CHAT] 299
[23:04:21] [Client thread/INFO]: [CHAT] 96
[23:04:21] [Server thread/INFO]: [CHAT] 299
[23:04:21] [Client thread/INFO]: [CHAT] 96
[23:04:21] [Server thread/INFO]: [CHAT] 299
[23:04:21] [Client thread/INFO]: [CHAT] 96
[23:04:21] [Server thread/INFO]: [CHAT] 299
[23:04:21] [Client thread/INFO]: [CHAT] 103
[23:04:21] [Server thread/INFO]: [CHAT] 299
[23:04:21] [Client thread/INFO]: [CHAT] 103
[23:04:21] [Server thread/INFO]: [CHAT] 299
[23:04:21] [Client thread/INFO]: [CHAT] 103
[23:04:21] [Server thread/INFO]: [CHAT] 299
[23:04:21] [Client thread/INFO]: [CHAT] 103
[23:04:21] [Server thread/INFO]: [CHAT] 299
[23:04:21] [Client thread/INFO]: [CHAT] 103
[23:04:21] [Server thread/INFO]: [CHAT] 299
[23:04:21] [Client thread/INFO]: [CHAT] 103
[23:04:21] [Server thread/INFO]: [CHAT] 299
[23:04:21] [Client thread/INFO]: [CHAT] 103
[23:04:21] [Server thread/INFO]: [CHAT] 298
[23:04:21] [Client thread/INFO]: [CHAT] 103
[23:04:21] [Server thread/INFO]: [CHAT] 298
[23:04:21] [Client thread/INFO]: [CHAT] 103
[23:04:21] [Server thread/INFO]: [CHAT] 298
[23:04:21] [Client thread/INFO]: [CHAT] 105
[23:04:21] [Server thread/INFO]: [CHAT] 293
[23:04:21] [Client thread/INFO]: [CHAT] 105
[23:04:21] [Client thread/INFO]: [CHAT] 105
[23:04:21] [Server thread/INFO]: [CHAT] 293
[23:04:21] [Server thread/INFO]: [CHAT] 293
[23:04:21] [Client thread/INFO]: [CHAT] 105
[23:04:22] [Server thread/INFO]: [CHAT] 293
[23:04:22] [Client thread/INFO]: [CHAT] 105
[23:04:22] [Server thread/INFO]: [CHAT] 292
[23:04:22] [Client thread/INFO]: [CHAT] 105
[23:04:22] [Server thread/INFO]: [CHAT] 292
[23:04:22] [Client thread/INFO]: [CHAT] 105
[23:04:22] [Server thread/INFO]: [CHAT] 292
[23:04:22] [Client thread/INFO]: [CHAT] 105
[23:04:22] [Server thread/INFO]: [CHAT] 292
[23:04:22] [Client thread/INFO]: [CHAT] 107
[23:04:22] [Server thread/INFO]: [CHAT] 292
[23:04:22] [Client thread/INFO]: [CHAT] 107
[23:04:22] [Server thread/INFO]: [CHAT] 292
[23:04:22] [Client thread/INFO]: [CHAT] 107
[23:04:22] [Server thread/INFO]: [CHAT] 292
[23:04:22] [Client thread/INFO]: [CHAT] 107
[23:04:22] [Server thread/INFO]: [CHAT] 292
[23:04:22] [Client thread/INFO]: [CHAT] 107
[23:04:22] [Server thread/INFO]: [CHAT] 291
[23:04:22] [Client thread/INFO]: [CHAT] 112
[23:04:22] [Server thread/INFO]: [CHAT] 291
[23:04:22] [Client thread/INFO]: [CHAT] 112
[23:04:22] [Server thread/INFO]: [CHAT] 291
[23:04:22] [Client thread/INFO]: [CHAT] 112
[23:04:22] [Server thread/INFO]: [CHAT] 291
[23:04:22] [Client thread/INFO]: [CHAT] 112
[23:04:22] [Server thread/INFO]: [CHAT] 291
[23:04:22] [Client thread/INFO]: [CHAT] 112
[23:04:22] [Server thread/INFO]: [CHAT] 291
[23:04:22] [Client thread/INFO]: [CHAT] 112
[23:04:22] [Server thread/INFO]: [CHAT] 291
[23:04:22] [Client thread/INFO]: [CHAT] 112
[23:04:22] [Server thread/INFO]: [CHAT] 291
[23:04:22] [Client thread/INFO]: [CHAT] 112
[23:04:22] [Server thread/INFO]: [CHAT] 291
[23:04:22] [Client thread/INFO]: [CHAT] 112
[23:04:22] [Server thread/INFO]: [CHAT] 291
[23:04:22] [Client thread/INFO]: [CHAT] 112
[23:04:22] [Server thread/INFO]: [CHAT] 291
[23:04:22] [Client thread/INFO]: [CHAT] 115
[23:04:23] [Server thread/INFO]: [CHAT] 290
[23:04:23] [Client thread/INFO]: [CHAT] 115
[23:04:23] [Server thread/INFO]: [CHAT] 290
[23:04:23] [Client thread/INFO]: [CHAT] 113
[23:04:23] [Server thread/INFO]: [CHAT] 290
[23:04:23] [Client thread/INFO]: [CHAT] 113
[23:04:23] [Server thread/INFO]: [CHAT] 290
[23:04:23] [Client thread/INFO]: [CHAT] 113
[23:04:23] [Server thread/INFO]: [CHAT] 289
[23:04:23] [Client thread/INFO]: [CHAT] 113
[23:04:23] [Server thread/INFO]: [CHAT] 289
[23:04:23] [Client thread/INFO]: [CHAT] 113
[23:04:23] [Server thread/INFO]: [CHAT] 287
[23:04:23] [Client thread/INFO]: [CHAT] 113
[23:04:23] [Server thread/INFO]: [CHAT] 286
[23:04:23] [Client thread/INFO]: [CHAT] 113
[23:04:23] [Server thread/INFO]: [CHAT] 286
[23:04:23] [Client thread/INFO]: [CHAT] 120
[23:04:23] [Server thread/INFO]: [CHAT] 286
[23:04:23] [Client thread/INFO]: [CHAT] 120
[23:04:23] [Server thread/INFO]: [CHAT] 286
[23:04:23] [Client thread/INFO]: [CHAT] 119
[23:04:23] [Server thread/INFO]: [CHAT] 286
[23:04:23] [Client thread/INFO]: [CHAT] 119
[23:04:23] [Server thread/INFO]: [CHAT] 286
[23:04:23] [Client thread/INFO]: [CHAT] 119
[23:04:23] [Server thread/INFO]: [CHAT] 286
[23:04:23] [Client thread/INFO]: [CHAT] 119
[23:04:23] [Server thread/INFO]: [CHAT] 291
[23:04:23] [Client thread/INFO]: [CHAT] 119
[23:04:23] [Server thread/INFO]: [CHAT] 291
[23:04:23] [Client thread/INFO]: [CHAT] 119
[23:04:23] [Server thread/INFO]: [CHAT] 291
[23:04:23] [Client thread/INFO]: [CHAT] 119
[23:04:23] [Server thread/INFO]: [CHAT] 291
[23:04:23] [Client thread/INFO]: [CHAT] 121
[23:04:23] [Server thread/INFO]: [CHAT] 291
[23:04:23] [Client thread/INFO]: [CHAT] 121
[23:04:23] [Server thread/INFO]: [CHAT] 291
[23:04:23] [Client thread/INFO]: [CHAT] 119
[23:04:24] [Server thread/INFO]: [CHAT] 291
[23:04:24] [Client thread/INFO]: [CHAT] 119
[23:04:24] [Server thread/INFO]: [CHAT] 290
[23:04:24] [Client thread/INFO]: [CHAT] 119
[23:04:24] [Server thread/INFO]: [CHAT] 289
[23:04:24] [Client thread/INFO]: [CHAT] 119
[23:04:24] [Server thread/INFO]: [CHAT] 289
[23:04:24] [Client thread/INFO]: [CHAT] 119
[23:04:24] [Server thread/INFO]: [CHAT] 289
[23:04:24] [Client thread/INFO]: [CHAT] 119
[23:04:24] [Server thread/INFO]: [CHAT] 289
[23:04:24] [Client thread/INFO]: [CHAT] 119
[23:04:24] [Server thread/INFO]: [CHAT] 289
[23:04:24] [Client thread/INFO]: [CHAT] 119
[23:04:24] [Server thread/INFO]: [CHAT] 289
[23:04:24] [Client thread/INFO]: [CHAT] 119
[23:04:24] [Server thread/INFO]: [CHAT] 289
[23:04:24] [Client thread/INFO]: [CHAT] 119
[23:04:24] [Server thread/INFO]: [CHAT] 289
[23:04:24] [Client thread/INFO]: [CHAT] 119
[23:04:24] [Server thread/INFO]: [CHAT] 289
[23:04:24] [Client thread/INFO]: [CHAT] 119
[23:04:24] [Server thread/INFO]: [CHAT] 289
[23:04:24] [Client thread/INFO]: [CHAT] 119
[23:04:24] [Server thread/INFO]: [CHAT] 289
[23:04:24] [Client thread/INFO]: [CHAT] 119
[23:04:24] [Server thread/INFO]: [CHAT] 289
[23:04:24] [Client thread/INFO]: [CHAT] 119
[23:04:24] [Server thread/INFO]: Saving and pausing game...
[23:04:24] [Server thread/INFO]: Saving chunks for level 'New World'/Overworld
[23:04:24] [Server thread/INFO]: Saving chunks for level 'New World'/Nether
[23:04:24] [Server thread/INFO]: Saving chunks for level 'New World'/The End
[23:04:59] [Client thread/INFO]: [CHAT] 119
[23:04:59] [Client thread/INFO]: [CHAT] 119
[23:04:59] [Client thread/INFO]: [CHAT] 119
[23:04:59] [Client thread/INFO]: [CHAT] 119
[23:04:59] [Client thread/INFO]: [CHAT] 119
[23:04:59] [Client thread/INFO]: [CHAT] 119
[23:04:59] [Client thread/INFO]: [CHAT] 119
[23:04:59] [Client thread/INFO]: [CHAT] 119
[23:04:59] [Client thread/INFO]: [CHAT] 119
[23:04:59] [Client thread/INFO]: [CHAT] 119
[23:05:00] [Client thread/INFO]: [CHAT] 119
[23:05:00] [Client thread/INFO]: [CHAT] 119
[23:05:00] [Client thread/INFO]: [CHAT] 119
[23:05:00] [Client thread/INFO]: [CHAT] 119
[23:05:00] [Client thread/INFO]: [CHAT] 119
[23:05:00] [Client thread/INFO]: [CHAT] 119
[23:05:00] [Client thread/INFO]: [CHAT] 119
[23:05:00] [Client thread/INFO]: [CHAT] 119
[23:05:00] [Client thread/INFO]: [CHAT] 119
[23:05:00] [Client thread/INFO]: [CHAT] 119
[23:05:00] [Client thread/INFO]: [CHAT] 119
[23:05:00] [Client thread/INFO]: [CHAT] 119
[23:05:00] [Client thread/INFO]: [CHAT] 119
[23:05:00] [Client thread/INFO]: [CHAT] 119
[23:05:00] [Client thread/INFO]: [CHAT] 119
[23:05:00] [Client thread/INFO]: [CHAT] 119
[23:05:00] [Client thread/INFO]: [CHAT] 119
[23:05:00] [Client thread/INFO]: [CHAT] 119
[23:05:00] [Client thread/INFO]: [CHAT] 119
[23:05:00] [Client thread/INFO]: [CHAT] 119
[23:05:01] [Client thread/INFO]: [CHAT] 119
[23:05:01] [Client thread/INFO]: [CHAT] 119
[23:05:01] [Client thread/INFO]: [CHAT] 119
[23:05:01] [Client thread/INFO]: [CHAT] 119
[23:05:01] [Client thread/INFO]: [CHAT] 119
[23:05:01] [Client thread/INFO]: [CHAT] 119
[23:05:01] [Client thread/INFO]: [CHAT] 119
[23:05:01] [Client thread/INFO]: [CHAT] 119
[23:05:01] [Client thread/INFO]: [CHAT] 119
[23:05:01] [Client thread/INFO]: [CHAT] 119
[23:05:01] [Client thread/INFO]: [CHAT] 119
[23:05:01] [Client thread/INFO]: [CHAT] 119
[23:05:01] [Client thread/INFO]: [CHAT] 119
[23:05:01] [Client thread/INFO]: [CHAT] 119
[23:05:01] [Client thread/INFO]: [CHAT] 119
[23:05:01] [Client thread/INFO]: [CHAT] 119
[23:05:01] [Client thread/INFO]: [CHAT] 119
[23:05:01] [Client thread/INFO]: [CHAT] 119
[23:05:01] [Client thread/INFO]: [CHAT] 119
[23:05:01] [Client thread/INFO]: [CHAT] 119
[23:05:02] [Client thread/INFO]: [CHAT] 119
[23:05:02] [Client thread/INFO]: [CHAT] 119
[23:05:02] [Client thread/INFO]: [CHAT] 121
[23:05:02] [Client thread/INFO]: [CHAT] 121
[23:05:02] [Client thread/INFO]: [CHAT] 119
[23:05:02] [Client thread/INFO]: [CHAT] 119
[23:05:02] [Client thread/INFO]: [CHAT] 119
[23:05:02] [Client thread/INFO]: [CHAT] 119
[23:05:02] [Client thread/INFO]: [CHAT] 119
[23:05:02] [Client thread/INFO]: [CHAT] 119
[23:05:02] [Client thread/INFO]: [CHAT] 119
[23:05:02] [Client thread/INFO]: [CHAT] 119
[23:05:02] [Client thread/INFO]: [CHAT] 121
[23:05:02] [Client thread/INFO]: [CHAT] 121
[23:05:02] [Client thread/INFO]: [CHAT] 114
[23:05:02] [Client thread/INFO]: [CHAT] 114
[23:05:02] [Client thread/INFO]: [CHAT] 114
[23:05:02] [Client thread/INFO]: [CHAT] 114
[23:05:02] [Client thread/INFO]: [CHAT] 114
[23:05:02] [Client thread/INFO]: [CHAT] 114
[23:05:03] [Client thread/INFO]: [CHAT] 114
[23:05:03] [Client thread/INFO]: [CHAT] 116
[23:05:03] [Client thread/INFO]: [CHAT] 116
[23:05:03] [Client thread/INFO]: [CHAT] 108
[23:05:03] [Client thread/INFO]: [CHAT] 108
[23:05:03] [Client thread/INFO]: [CHAT] 108
[23:05:03] [Client thread/INFO]: [CHAT] 108
[23:05:03] [Client thread/INFO]: [CHAT] 108
[23:05:03] [Client thread/INFO]: [CHAT] 108
[23:05:03] [Client thread/INFO]: [CHAT] 108
[23:05:03] [Client thread/INFO]: [CHAT] 111
[23:05:03] [Client thread/INFO]: [CHAT] 111
[23:05:03] [Client thread/INFO]: [CHAT] 102
[23:05:03] [Client thread/INFO]: [CHAT] 102
[23:05:03] [Client thread/INFO]: [CHAT] 102
[23:05:03] [Client thread/INFO]: [CHAT] 102
[23:05:03] [Client thread/INFO]: [CHAT] 102
[23:05:03] [Client thread/INFO]: [CHAT] 102
[23:05:03] [Client thread/INFO]: [CHAT] 102
[23:05:03] [Client thread/INFO]: [CHAT] 103
[23:05:04] [Client thread/INFO]: [CHAT] 103
[23:05:04] [Client thread/INFO]: [CHAT] 98
[23:05:04] [Client thread/INFO]: [CHAT] 98
[23:05:04] [Client thread/INFO]: [CHAT] 98
[23:05:04] [Client thread/INFO]: [CHAT] 98
[23:05:04] [Client thread/INFO]: [CHAT] 98
[23:05:04] [Client thread/INFO]: [CHAT] 98
[23:05:04] [Client thread/INFO]: [CHAT] 98
[23:05:04] [Client thread/INFO]: [CHAT] 94
[23:05:04] [Client thread/INFO]: [CHAT] 94
[23:05:04] [Client thread/INFO]: [CHAT] 94
[23:05:04] [Client thread/INFO]: [CHAT] 93
[23:05:04] [Client thread/INFO]: [CHAT] 93
[23:05:04] [Client thread/INFO]: [CHAT] 93
[23:05:04] [Client thread/INFO]: [CHAT] 93
[23:05:04] [Client thread/INFO]: [CHAT] 93
[23:05:04] [Client thread/INFO]: [CHAT] 93
[23:05:04] [Client thread/INFO]: [CHAT] 93
[23:05:04] [Client thread/INFO]: [CHAT] 94
[23:05:04] [Client thread/INFO]: [CHAT] 94
[23:05:05] [Client thread/INFO]: [CHAT] 87
[23:05:05] [Client thread/INFO]: [CHAT] 87
[23:05:05] [Client thread/INFO]: [CHAT] 87
[23:05:05] [Client thread/INFO]: [CHAT] 87
[23:05:05] [Client thread/INFO]: [CHAT] 87
[23:05:05] [Client thread/INFO]: [CHAT] 87
[23:05:05] [Client thread/INFO]: [CHAT] 87
[23:05:05] [Client thread/INFO]: [CHAT] 87
[23:05:05] [Client thread/INFO]: [CHAT] 87
[23:05:05] [Client thread/INFO]: [CHAT] 87
[23:05:05] [Client thread/INFO]: [CHAT] 87
[23:05:05] [Client thread/INFO]: [CHAT] 87
[23:05:05] [Client thread/INFO]: [CHAT] 87
[23:05:05] [Client thread/INFO]: [CHAT] 83
[23:05:05] [Client thread/INFO]: [CHAT] 83
[23:05:05] [Client thread/INFO]: [CHAT] 83
[23:05:05] [Client thread/INFO]: [CHAT] 83
[23:05:05] [Client thread/INFO]: [CHAT] 83
[23:05:05] [Client thread/INFO]: [CHAT] 83
[23:05:05] [Client thread/INFO]: [CHAT] 83
[23:05:06] [Client thread/INFO]: [CHAT] 83
[23:05:06] [Client thread/INFO]: [CHAT] 83
[23:05:06] [Client thread/INFO]: [CHAT] 83
[23:05:06] [Client thread/INFO]: [CHAT] 79
[23:05:06] [Client thread/INFO]: [CHAT] 78
[23:05:06] [Client thread/INFO]: [CHAT] 78
[23:05:06] [Client thread/INFO]: [CHAT] 78
[23:05:06] [Client thread/INFO]: [CHAT] 78
[23:05:06] [Client thread/INFO]: [CHAT] 91
[23:05:06] [Client thread/INFO]: [CHAT] 100
[23:05:06] [Client thread/INFO]: [CHAT] 100
[23:05:06] [Client thread/INFO]: [CHAT] 100
[23:05:06] [Client thread/INFO]: [CHAT] 100
[23:05:06] [Client thread/INFO]: [CHAT] 99
[23:05:06] [Client thread/INFO]: [CHAT] 99
[23:05:06] [Client thread/INFO]: [CHAT] 99
[23:05:06] [Client thread/INFO]: [CHAT] 99
[23:05:06] [Client thread/INFO]: [CHAT] 99
[23:05:06] [Client thread/INFO]: [CHAT] 99
[23:05:06] [Client thread/INFO]: [CHAT] 102
[23:05:07] [Client thread/INFO]: [CHAT] 98
[23:05:07] [Client thread/INFO]: [CHAT] 98
[23:05:07] [Client thread/INFO]: [CHAT] 98
[23:05:07] [Client thread/INFO]: [CHAT] 98
[23:05:07] [Client thread/INFO]: [CHAT] 98
[23:05:07] [Client thread/INFO]: [CHAT] 98
[23:05:07] [Client thread/INFO]: [CHAT] 98
[23:05:07] [Client thread/INFO]: [CHAT] 101
[23:05:07] [Client thread/INFO]: [CHAT] 101
[23:05:07] [Client thread/INFO]: [CHAT] 97
[23:05:07] [Client thread/INFO]: [CHAT] 97
[23:05:07] [Client thread/INFO]: [CHAT] 97
[23:05:07] [Client thread/INFO]: [CHAT] 97
[23:05:07] [Client thread/INFO]: [CHAT] 97
[23:05:07] [Client thread/INFO]: [CHAT] 97
[23:05:07] [Client thread/INFO]: [CHAT] 97
[23:05:07] [Client thread/INFO]: [CHAT] 99
[23:05:07] [Client thread/INFO]: [CHAT] 99
[23:05:07] [Client thread/INFO]: [CHAT] 94
[23:05:07] [Client thread/INFO]: [CHAT] 94
[23:05:08] [Client thread/INFO]: [CHAT] 94
[23:05:08] [Client thread/INFO]: [CHAT] 94
[23:05:08] [Client thread/INFO]: [CHAT] 94
[23:05:08] [Client thread/INFO]: [CHAT] 94
[23:05:08] [Client thread/INFO]: [CHAT] 93
[23:05:08] [Client thread/INFO]: [CHAT] 94
[23:05:08] [Client thread/INFO]: [CHAT] 94
[23:05:08] [Client thread/INFO]: [CHAT] 92
[23:05:08] [Client thread/INFO]: [CHAT] 92
[23:05:08] [Client thread/INFO]: [CHAT] 92
[23:05:08] [Client thread/INFO]: [CHAT] 92
[23:05:08] [Client thread/INFO]: [CHAT] 92
[23:05:08] [Client thread/INFO]: [CHAT] 92
[23:05:08] [Client thread/INFO]: [CHAT] 92
[23:05:08] [Client thread/INFO]: [CHAT] 92
[23:05:08] [Client thread/INFO]: [CHAT] 92
[23:05:08] [Client thread/INFO]: [CHAT] 92
[23:05:08] [Client thread/INFO]: [CHAT] 92
[23:05:08] [Client thread/INFO]: [CHAT] 92
[23:05:08] [Client thread/INFO]: [CHAT] 92
[23:05:09] [Client thread/INFO]: [CHAT] 92
[23:05:09] [Client thread/INFO]: [CHAT] 93
[23:05:09] [Client thread/INFO]: [CHAT] 92
[23:05:09] [Client thread/INFO]: [CHAT] 89
[23:05:09] [Client thread/INFO]: [CHAT] 89
[23:05:09] [Client thread/INFO]: [CHAT] 89
[23:05:09] [Client thread/INFO]: [CHAT] 89
[23:05:09] [Client thread/INFO]: [CHAT] 89
[23:05:09] [Client thread/INFO]: [CHAT] 89
[23:05:09] [Client thread/INFO]: [CHAT] 89
[23:05:09] [Client thread/INFO]: [CHAT] 89
[23:05:09] [Client thread/INFO]: [CHAT] 89
[23:05:09] [Client thread/INFO]: [CHAT] 92
[23:05:09] [Client thread/INFO]: [CHAT] 92
[23:05:09] [Client thread/INFO]: [CHAT] 90
[23:05:09] [Client thread/INFO]: [CHAT] 90
[23:05:09] [Client thread/INFO]: [CHAT] 90
[23:05:09] [Client thread/INFO]: [CHAT] 90
[23:05:09] [Client thread/INFO]: [CHAT] 90
[23:05:09] [Client thread/INFO]: [CHAT] 90
[23:05:10] [Client thread/INFO]: [CHAT] 90
[23:05:10] [Client thread/INFO]: [CHAT] 90
[23:05:10] [Client thread/INFO]: [CHAT] 90
[23:05:10] [Client thread/INFO]: [CHAT] 91
[23:05:10] [Client thread/INFO]: [CHAT] 91
[23:05:10] [Client thread/INFO]: [CHAT] 87
[23:05:10] [Client thread/INFO]: [CHAT] 87
[23:05:10] [Client thread/INFO]: [CHAT] 87
[23:05:10] [Client thread/INFO]: [CHAT] 87
[23:05:10] [Client thread/INFO]: [CHAT] 87
[23:05:10] [Client thread/INFO]: [CHAT] 87
[23:05:10] [Client thread/INFO]: [CHAT] 87
[23:05:10] [Client thread/INFO]: [CHAT] 87
[23:05:10] [Client thread/INFO]: [CHAT] 87
[23:05:10] [Client thread/INFO]: [CHAT] 87
[23:05:10] [Client thread/INFO]: [CHAT] 87
[23:05:10] [Client thread/INFO]: [CHAT] 87
[23:05:10] [Client thread/INFO]: [CHAT] 87
[23:05:10] [Client thread/INFO]: [CHAT] 87
[23:05:10] [Client thread/INFO]: [CHAT] 87
[23:05:11] [Client thread/INFO]: [CHAT] 87
[23:05:11] [Client thread/INFO]: [CHAT] 85
[23:05:11] [Client thread/INFO]: [CHAT] 85
[23:05:11] [Client thread/INFO]: [CHAT] 85
[23:05:11] [Client thread/INFO]: [CHAT] 85
[23:05:11] [Client thread/INFO]: [CHAT] 85
[23:05:11] [Client thread/INFO]: [CHAT] 85
[23:05:11] [Client thread/INFO]: [CHAT] 85
[23:05:11] [Client thread/INFO]: [CHAT] 85
[23:05:11] [Client thread/INFO]: [CHAT] 85
[23:05:11] [Client thread/INFO]: [CHAT] 85
[23:05:11] [Client thread/INFO]: [CHAT] 85
[23:05:11] [Client thread/INFO]: [CHAT] 85
[23:05:11] [Client thread/INFO]: [CHAT] 85
[23:05:11] [Client thread/INFO]: [CHAT] 85
[23:05:11] [Client thread/INFO]: [CHAT] 85
[23:05:11] [Client thread/INFO]: [CHAT] 85
[23:05:11] [Client thread/INFO]: [CHAT] 85
[23:05:11] [Client thread/INFO]: [CHAT] 85
[23:05:11] [Client thread/INFO]: [CHAT] 85
[23:05:12] [Client thread/INFO]: [CHAT] 85
[23:05:12] [Client thread/INFO]: [CHAT] 85
[23:05:12] [Client thread/INFO]: [CHAT] 85
[23:05:12] [Client thread/INFO]: [CHAT] 85
[23:05:12] [Client thread/INFO]: [CHAT] 85
[23:05:12] [Client thread/INFO]: [CHAT] 85
[23:05:12] [Client thread/INFO]: [CHAT] 85
[23:05:12] [Client thread/INFO]: [CHAT] 85
[23:05:12] [Client thread/INFO]: [CHAT] 85
[23:05:12] [Client thread/INFO]: [CHAT] 85
[23:05:12] [Client thread/INFO]: [CHAT] 85
[23:05:12] [Client thread/INFO]: [CHAT] 85
[23:05:12] [Client thread/INFO]: [CHAT] 85
[23:05:12] [Client thread/INFO]: [CHAT] 85
[23:05:12] [Client thread/INFO]: [CHAT] 85
[23:05:12] [Client thread/INFO]: [CHAT] 85
[23:05:12] [Client thread/INFO]: [CHAT] 85
[23:05:12] [Client thread/INFO]: [CHAT] 85
[23:05:12] [Client thread/INFO]: [CHAT] 85
[23:05:12] [Client thread/INFO]: [CHAT] 85
[23:05:13] [Client thread/INFO]: [CHAT] 85
[23:05:13] [Client thread/INFO]: [CHAT] 85
[23:05:13] [Client thread/INFO]: [CHAT] 85
[23:05:13] [Client thread/INFO]: [CHAT] 85
[23:05:13] [Client thread/INFO]: [CHAT] 85
[23:05:13] [Client thread/INFO]: [CHAT] 85
[23:05:13] [Client thread/INFO]: [CHAT] 85
[23:05:13] [Client thread/INFO]: [CHAT] 85
[23:05:13] [Client thread/INFO]: [CHAT] 85
[23:05:13] [Client thread/INFO]: [CHAT] 85
[23:05:13] [Client thread/INFO]: [CHAT] 85
[23:05:13] [Server thread/INFO]: Saving and pausing game...
[23:05:13] [Server thread/INFO]: Saving chunks for level 'New World'/Overworld
[23:05:13] [Server thread/INFO]: Saving chunks for level 'New World'/Nether
[23:05:13] [Server thread/INFO]: Saving chunks for level 'New World'/The End
[23:06:11] [Client thread/INFO]: [CHAT] 85
[23:06:11] [Client thread/INFO]: [CHAT] 85
[23:06:11] [Client thread/INFO]: [CHAT] 85
[23:06:11] [Client thread/INFO]: [CHAT] 85
[23:06:11] [Client thread/INFO]: [CHAT] 85
[23:06:11] [Server thread/INFO]: Saving and pausing game...
[23:06:11] [Server thread/INFO]: Saving chunks for level 'New World'/Overworld
[23:06:11] [Server thread/INFO]: Saving chunks for level 'New World'/Nether
[23:06:11] [Server thread/INFO]: Saving chunks for level 'New World'/The End
[23:06:12] [Server thread/INFO]: Stopping server
[23:06:12] [Server thread/INFO]: Saving players
[23:06:12] [Server thread/INFO]: Saving worlds
[23:06:12] [Server thread/INFO]: Saving chunks for level 'New World'/Overworld
[23:06:12] [Server thread/INFO]: Saving chunks for level 'New World'/Nether
[23:06:12] [Server thread/INFO]: Saving chunks for level 'New World'/The End
[23:06:12] [Client thread/INFO]: Stopping!
